<?xml version="1.0" encoding="utf-8"?><testsuites><testsuite name="pytest" errors="0" failures="1" skipped="0" tests="4" time="15.024" timestamp="2024-12-05T19:22:50.672577+01:00" hostname="LAPTOP-KTPTD62S"><testcase classname="test_e2e.TestOne" name="test_e2e" time="10.090"><failure message="AssertionError: Wrong confirmation text on the screen&#10;assert 'Success! Tyyhank you! Your order will be delivered in next few weeks :-).' in '×\nSuccess! Thank you! Your order will be delivered in next few weeks :-).'">self = &lt;tests.test_e2e.TestOne object at 0x00000200F30AE9C0&gt;

    def test_e2e(self):
        log = self.get_logger()
        home_page = HomePage(self.driver)
        # xPath:  //a[contains(@href,'shop')]    CSSSelector:  a[href*='shop']
        checkout_page = home_page.shop_items()
        log.info("getting all the card titles")
        cards = checkout_page.get_card_titles()
    
        i = -1
        for card in cards:
            i = i + 1
            card_text = card.text
            log.info(card_text)
            if card_text == "Blackberry":
                checkout_page.get_card_footer()[i].click()
    
        # driver.find_element(By.CSS_SELECTOR, "a[class*='btn-primary']").click()
        confirm_page = checkout_page.check_out_items()
    
        confirm_page.check_out_items().click()
        confirm_page.country_input().send_keys("Po")
        log.info("Entering country name as Po")
        self.verify_link_presence("Poland")
        confirm_page.country_select().click()
        confirm_page.agreements_select().click()
        confirm_page.purchase_items().click()
        confirmation_text = confirm_page.get_confirmation_text().text
        log.info("Text received from application is "+confirmation_text)
&gt;       assert "Success! Tyyhank you! Your order will be delivered in next few weeks :-)." in confirmation_text, "Wrong confirmation text on the screen"
E       AssertionError: Wrong confirmation text on the screen
E       assert 'Success! Tyyhank you! Your order will be delivered in next few weeks :-).' in '×\nSuccess! Thank you! Your order will be delivered in next few weeks :-).'

test_e2e.py:35: AssertionError</failure></testcase><testcase classname="test_home_page.TestHomePage" name="test_form_submission[get_data0]" time="3.606" /><testcase classname="test_home_page.TestHomePage" name="test_form_submission[get_data1]" time="0.525" /><testcase classname="test_home_page.TestHomePage" name="test_form_submission[get_data2]" time="0.580" /></testsuite></testsuites>